<?xml version="1.0" encoding="UTF-8"?>
<!-- Generated by org.testng.reporters.JUnitXMLReporter -->
<testsuite ignored="0" hostname="PNVD016" failures="0" tests="13" name="Default test" time="56.538" errors="0" timestamp="2022-03-27T23:48:01 ICT">
  <testcase classname="TestingRefill.Test_Register" name="TC_01_Register_Empty_Data" time="4.619"/>
  <testcase classname="TestingRefill.Test_Register" name="TC_02_Register_already_existing_Email" time="3.808"/>
  <testcase classname="TestingRefill.Test_Register" name="TC_03_Register_invalid_Email" time="3.601"/>
  <testcase classname="TestingRefill.Test_Register" name="TC_04_Register_Invalid_Phone" time="8.48"/>
  <testcase classname="TestingRefill.Test_Register" name="TC_05_Register_Password_Less_Than_8_Chars" time="4.041"/>
  <testcase classname="TestingRefill.Test_Register" name="TC_06_Register_Incorrect_Password" time="3.608"/>
  <testcase classname="TestingRefill.Test_Register" name="TC_07_Register_empty_Username" time="3.53"/>
  <testcase classname="TestingRefill.Test_Register" name="TC_08_Register_empty_Email" time="3.41"/>
  <testcase classname="TestingRefill.Test_Register" name="TC_09_Register_empty_NumberPhone" time="3.422"/>
  <testcase classname="TestingRefill.Test_Register" name="TC_10_Register_empty_Avatar" time="3.421"/>
  <testcase classname="TestingRefill.Test_Register" name="TC_11_Register_empty_Password" time="3.526"/>
  <testcase classname="TestingRefill.Test_Register" name="TC_12_Register_empty_CPassword" time="3.671"/>
  <testcase classname="TestingRefill.Test_Register" name="TC_13_Register_valid_fields" time="3.486"/>
</testsuite> <!-- Default test -->
