<?xml version="1.0" encoding="UTF-8"?>
<testng-results ignored="0" total="1" passed="1" failed="0" skipped="0">
  <reporter-output>
  </reporter-output>
  <suite started-at="2022-03-12T16:12:26 ICT" name="Default suite" finished-at="2022-03-12T16:12:36 ICT" duration-ms="10247">
    <groups>
    </groups>
    <test started-at="2022-03-12T16:12:26 ICT" name="Default test" finished-at="2022-03-12T16:12:36 ICT" duration-ms="10247">
      <class name="TestingRefill.Test_Login">
        <test-method is-config="true" signature="beforeClass()[pri:0, instance:TestingRefill.Test_Login@5a936e64]" started-at="2022-03-12T16:12:26 ICT" name="beforeClass" finished-at="2022-03-12T16:12:29 ICT" duration-ms="3653" status="PASS">
          <reporter-output>
          </reporter-output>
        </test-method> <!-- beforeClass -->
        <test-method signature="TC_08_Forgot_Pass_()[pri:0, instance:TestingRefill.Test_Login@5a936e64]" started-at="2022-03-12T16:12:30 ICT" name="TC_08_Forgot_Pass_" finished-at="2022-03-12T16:12:35 ICT" duration-ms="5369" status="PASS">
          <reporter-output>
          </reporter-output>
        </test-method> <!-- TC_08_Forgot_Pass_ -->
        <test-method is-config="true" signature="afterClass()[pri:0, instance:TestingRefill.Test_Login@5a936e64]" started-at="2022-03-12T16:12:35 ICT" name="afterClass" finished-at="2022-03-12T16:12:36 ICT" duration-ms="1121" status="PASS">
          <reporter-output>
          </reporter-output>
        </test-method> <!-- afterClass -->
      </class> <!-- TestingRefill.Test_Login -->
    </test> <!-- Default test -->
  </suite> <!-- Default suite -->
</testng-results>
